  SenderSocket.cpp
f:\visualstudio\hw3\udpdatatransfer\udpdatatransfer\sendersocket.cpp(103): warning C4244: 'initializing': conversion from 'double' to 'int', possible loss of data
f:\visualstudio\hw3\udpdatatransfer\udpdatatransfer\sendersocket.cpp(109): warning C4244: '=': conversion from 'double' to 'int', possible loss of data
f:\visualstudio\hw3\udpdatatransfer\udpdatatransfer\sendersocket.cpp(131): warning C4244: 'initializing': conversion from 'float' to 'int', possible loss of data
f:\visualstudio\hw3\udpdatatransfer\udpdatatransfer\sendersocket.cpp(149): warning C4018: '<': signed/unsigned mismatch
f:\visualstudio\hw3\udpdatatransfer\udpdatatransfer\sendersocket.cpp(197): warning C4244: 'initializing': conversion from 'float' to 'int', possible loss of data
f:\visualstudio\hw3\udpdatatransfer\udpdatatransfer\sendersocket.cpp(225): warning C4244: 'initializing': conversion from 'double' to 'float', possible loss of data
f:\visualstudio\hw3\udpdatatransfer\udpdatatransfer\sendersocket.cpp(226): warning C4244: 'initializing': conversion from 'double' to 'float', possible loss of data
f:\visualstudio\hw3\udpdatatransfer\udpdatatransfer\sendersocket.cpp(276): warning C4244: 'initializing': conversion from 'float' to 'int', possible loss of data
f:\visualstudio\hw3\udpdatatransfer\udpdatatransfer\sendersocket.cpp(436): warning C4018: '>': signed/unsigned mismatch
f:\visualstudio\hw3\udpdatatransfer\udpdatatransfer\sendersocket.cpp(439): warning C4244: 'initializing': conversion from 'double' to 'float', possible loss of data
f:\visualstudio\hw3\udpdatatransfer\udpdatatransfer\sendersocket.cpp(440): warning C4244: 'initializing': conversion from 'double' to 'float', possible loss of data
f:\visualstudio\hw3\udpdatatransfer\udpdatatransfer\sendersocket.cpp(448): warning C4018: '<': signed/unsigned mismatch
f:\visualstudio\hw3\udpdatatransfer\udpdatatransfer\sendersocket.cpp(500): warning C4018: '>': signed/unsigned mismatch
f:\visualstudio\hw3\udpdatatransfer\udpdatatransfer\sendersocket.cpp(503): warning C4244: 'initializing': conversion from 'double' to 'float', possible loss of data
f:\visualstudio\hw3\udpdatatransfer\udpdatatransfer\sendersocket.cpp(504): warning C4244: 'initializing': conversion from 'double' to 'float', possible loss of data
f:\visualstudio\hw3\udpdatatransfer\udpdatatransfer\sendersocket.cpp(513): warning C4018: '<': signed/unsigned mismatch
f:\visualstudio\hw3\udpdatatransfer\udpdatatransfer\sendersocket.cpp(552): warning C4244: 'initializing': conversion from 'float' to 'int', possible loss of data
f:\visualstudio\hw3\udpdatatransfer\udpdatatransfer\sendersocket.cpp(571): warning C4018: '>': signed/unsigned mismatch
f:\visualstudio\hw3\udpdatatransfer\udpdatatransfer\sendersocket.cpp(574): warning C4244: 'initializing': conversion from 'double' to 'float', possible loss of data
f:\visualstudio\hw3\udpdatatransfer\udpdatatransfer\sendersocket.cpp(575): warning C4244: 'initializing': conversion from 'double' to 'float', possible loss of data
f:\visualstudio\hw3\udpdatatransfer\udpdatatransfer\sendersocket.cpp(584): warning C4018: '<': signed/unsigned mismatch
f:\visualstudio\hw3\udpdatatransfer\udpdatatransfer\sendersocket.cpp(616): warning C4244: '=': conversion from 'float' to 'DWORD', possible loss of data
  main.cpp
f:\visualstudio\hw3\udpdatatransfer\udpdatatransfer\main.cpp(19): warning C4244: 'initializing': conversion from 'double' to 'float', possible loss of data
f:\visualstudio\hw3\udpdatatransfer\udpdatatransfer\main.cpp(20): warning C4244: 'initializing': conversion from 'double' to 'float', possible loss of data
f:\visualstudio\hw3\udpdatatransfer\udpdatatransfer\main.cpp(21): warning C4244: 'initializing': conversion from 'double' to 'float', possible loss of data
f:\visualstudio\hw3\udpdatatransfer\udpdatatransfer\main.cpp(31): warning C4244: '=': conversion from 'UINT64' to 'DWORD', possible loss of data
f:\visualstudio\hw3\udpdatatransfer\udpdatatransfer\main.cpp(46): warning C4244: '=': conversion from 'double' to 'float', possible loss of data
f:\visualstudio\hw3\udpdatatransfer\udpdatatransfer\main.cpp(47): warning C4244: '=': conversion from 'double' to 'float', possible loss of data
f:\visualstudio\hw3\udpdatatransfer\udpdatatransfer\main.cpp(48): warning C4244: '=': conversion from 'double' to 'float', possible loss of data
f:\visualstudio\hw3\udpdatatransfer\udpdatatransfer\main.cpp(81): warning C4244: 'initializing': conversion from 'UINT64' to 'int', possible loss of data
f:\visualstudio\hw3\udpdatatransfer\udpdatatransfer\main.cpp(86): warning C4129: 's': unrecognized character escape sequence
f:\visualstudio\hw3\udpdatatransfer\udpdatatransfer\main.cpp(101): warning C4244: 'initializing': conversion from 'unsigned long' to 'float', possible loss of data
  Checksum.cpp
  Generating Code...
  UDPDataTransfer.vcxproj -> F:\VisualStudio\HW3\UDPDataTransfer\x64\Debug\UDPDataTransfer.exe
